[12:00:45] [main/INFO]: Setting user: ForgeDevName
[12:00:46] [Client thread/INFO]: LWJGL Version: 2.9.1
[12:00:50] [Client thread/INFO]: Reloading ResourceManager: Default, FMLFileResourcePack:Forge Mod Loader, FMLFileResourcePack:Minecraft Forge, FMLFileResourcePack:Lets Mod Reboot 
[12:00:51] [Sound Library Loader/INFO]: Sound engine started
[12:00:53] [Client thread/INFO]: Created: 512x256 textures/blocks-atlas
[12:00:53] [Client thread/INFO]: Created: 256x256 textures/items-atlas
[12:00:53] [Client thread/INFO]: Reloading ResourceManager: Default, FMLFileResourcePack:Forge Mod Loader, FMLFileResourcePack:Minecraft Forge, FMLFileResourcePack:Lets Mod Reboot 
[12:00:53] [Client thread/INFO]: Created: 256x256 textures/items-atlas
[12:00:53] [Client thread/INFO]: Created: 512x256 textures/blocks-atlas
[12:00:54] [Sound Library Loader/INFO]: Sound engine started
[12:01:07] [Server thread/INFO]: Starting integrated minecraft server version 1.7.10
[12:01:07] [Server thread/INFO]: Generating keypair
[12:01:07] [Server thread/INFO]: Preparing start region for level 0
[12:01:07] [Server thread/INFO]: Changing view distance to 12, from 10
[12:01:08] [Server thread/INFO]: ForgeDevName[local:E:47513319] logged in with entity id 196 at (-767.8083267200182, 4.0, 1334.2248219384007)
[12:01:08] [Server thread/INFO]: ForgeDevName joined the game
[12:01:34] [Client thread/INFO]: Stopping!
[12:01:34] [Server thread/INFO]: Stopping server
[12:01:34] [Server thread/INFO]: Saving players
[12:01:34] [Server thread/INFO]: Saving worlds
[12:01:34] [Server thread/INFO]: Saving chunks for level 'New World'/Overworld
[12:01:34] [Server thread/INFO]: Saving chunks for level 'New World'/Nether
[12:01:34] [Server thread/INFO]: Saving chunks for level 'New World'/The End
